Using pre-set license
Built from '2020.3/staging' branch; Version is '2020.3.6f1 (338bb68529b2) revision 3378102'; Using compiler version '192528614'; Build Type 'Release'
OS: 'Windows 10 Pro Education; OS build 19043.1348; Version 2009; 64bit' Language: 'en' Physical Memory: 7128 MB
BatchMode: 1, IsHumanControllingUs: 0, StartBugReporterOnCrash: 0, Is64bit: 1, IsPro: 0

 COMMAND LINE ARGUMENTS:
G:\Unity\Editor\Unity.exe
-adb2
-batchMode
-noUpm
-name
AssetImportWorker0
-projectPath
G:/Unity/Projects/Fight 4 Kingdom
-logFile
Logs/AssetImportWorker0.log
-srvPort
50308
Successfully changed project path to: G:/Unity/Projects/Fight 4 Kingdom
G:/Unity/Projects/Fight 4 Kingdom
Using Asset Import Pipeline V2.
Refreshing native plugins compatible for Editor in 179.00 ms, found 1 plugins.
Preloading 0 native plugins for Editor in 0.00 ms.
Initialize engine version: 2020.3.6f1 (338bb68529b2)
[Subsystems] Discovering subsystems at path G:/Unity/Editor/Data/Resources/UnitySubsystems
[Subsystems] Discovering subsystems at path G:/Unity/Projects/Fight 4 Kingdom/Assets
GfxDevice: creating device client; threaded=0
Direct3D:
    Version:  Direct3D 11.0 [level 11.1]
    Renderer: AMD Radeon(TM) R4 Graphics (ID=0x9851)
    Vendor:   
    VRAM:     3564 MB
    Driver:   27.20.20903.8001
Initialize mono
Mono path[0] = 'G:/Unity/Editor/Data/Managed'
Mono path[1] = 'G:/Unity/Editor/Data/MonoBleedingEdge/lib/mono/unityjit'
Mono config path = 'G:/Unity/Editor/Data/MonoBleedingEdge/etc'
Using monoOptions --debugger-agent=transport=dt_socket,embedding=1,server=y,suspend=n,address=127.0.0.1:56536
Begin MonoManager ReloadAssembly
Registering precompiled unity dll's ...
Register platform support module: G:/Unity/Editor/Data/PlaybackEngines/WindowsStandaloneSupport/UnityEditor.WindowsStandalone.Extensions.dll
Registered in 0.003502 seconds.
Native extension for WindowsStandalone target not found
Refreshing native plugins compatible for Editor in 176.27 ms, found 1 plugins.
Preloading 0 native plugins for Editor in 0.00 ms.
Mono: successfully reloaded assembly
- Completed reload, in  3.016 seconds
Platform modules already initialized, skipping
Registering precompiled user dll's ...
Registered in 0.007077 seconds.
Begin MonoManager ReloadAssembly
Native extension for WindowsStandalone target not found
Refreshing native plugins compatible for Editor in 177.04 ms, found 1 plugins.
Preloading 0 native plugins for Editor in 0.00 ms.
Mono: successfully reloaded assembly
- Completed reload, in  3.733 seconds
Platform modules already initialized, skipping
========================================================================
Worker process is ready to serve import requests
Launched and connected shader compiler UnityShaderCompiler.exe after 0.10 seconds
Refreshing native plugins compatible for Editor in 2.20 ms, found 1 plugins.
Preloading 0 native plugins for Editor in 0.00 ms.
Unloading 2281 Unused Serialized files (Serialized files now loaded: 0)
System memory in use before: 181.3 MB.
System memory in use after: 181.4 MB.

Unloading 53 unused Assets to reduce memory usage. Loaded Objects now: 2719.
Total: 18.211300 ms (FindLiveObjects: 1.031700 ms CreateObjectMapping: 0.222500 ms MarkObjects: 16.493300 ms  DeleteObjects: 0.457200 ms)

========================================================================
Received Import Request.
  path: Assets/Prefab/_GameManager.prefab
  artifactKey: Guid(4727f3735cd1d924c88a0e536ededeac) Importer(815301076,1909f56bfc062723c751e8b465ee728b)
Start importing Assets/Prefab/_GameManager.prefab using Guid(4727f3735cd1d924c88a0e536ededeac) Importer(815301076,1909f56bfc062723c751e8b465ee728b)  -> (artifact id: '6a415c3705f6ddeaae476f75fda50b54') in 0.413565 seconds
  Import took 0.426022 seconds .

========================================================================
Received Prepare
Registering precompiled user dll's ...
Registered in 0.005584 seconds.
Begin MonoManager ReloadAssembly
Native extension for WindowsStandalone target not found
Refreshing native plugins compatible for Editor in 1.94 ms, found 1 plugins.
Preloading 0 native plugins for Editor in 0.00 ms.
Mono: successfully reloaded assembly
- Completed reload, in  3.288 seconds
Platform modules already initialized, skipping
Refreshing native plugins compatible for Editor in 2.11 ms, found 1 plugins.
Preloading 0 native plugins for Editor in 0.00 ms.
Unloading 2276 Unused Serialized files (Serialized files now loaded: 0)
System memory in use before: 181.4 MB.
System memory in use after: 181.5 MB.

Unloading 41 unused Assets to reduce memory usage. Loaded Objects now: 2725.
Total: 19.417700 ms (FindLiveObjects: 0.844500 ms CreateObjectMapping: 0.194500 ms MarkObjects: 17.992200 ms  DeleteObjects: 0.381800 ms)

========================================================================
Received Import Request.
  Time since last request: 2360.385347 seconds.
  path: Assets/Script/Shop/Shop.cs
  artifactKey: Guid(645de24c33b959f4eb92bd404272deb4) Importer(815301076,1909f56bfc062723c751e8b465ee728b)
Start importing Assets/Script/Shop/Shop.cs using Guid(645de24c33b959f4eb92bd404272deb4) Importer(815301076,1909f56bfc062723c751e8b465ee728b)  -> (artifact id: 'a5dc1240bcd6062b402514df964cc446') in 0.058409 seconds
  Import took 0.068662 seconds .

========================================================================
Received Prepare
Registering precompiled user dll's ...
Registered in 0.005761 seconds.
Begin MonoManager ReloadAssembly
Native extension for WindowsStandalone target not found
Refreshing native plugins compatible for Editor in 1.92 ms, found 1 plugins.
Preloading 0 native plugins for Editor in 0.00 ms.
Mono: successfully reloaded assembly
- Completed reload, in  3.350 seconds
Platform modules already initialized, skipping
Refreshing native plugins compatible for Editor in 1.93 ms, found 1 plugins.
Preloading 0 native plugins for Editor in 0.00 ms.
Unloading 2276 Unused Serialized files (Serialized files now loaded: 0)
System memory in use before: 181.4 MB.
System memory in use after: 181.5 MB.

Unloading 41 unused Assets to reduce memory usage. Loaded Objects now: 2729.
Total: 17.758100 ms (FindLiveObjects: 0.868200 ms CreateObjectMapping: 0.216700 ms MarkObjects: 16.244700 ms  DeleteObjects: 0.424500 ms)

========================================================================
Received Import Request.
  Time since last request: 147.490433 seconds.
  path: Assets/Script/Shop/Shop.cs
  artifactKey: Guid(645de24c33b959f4eb92bd404272deb4) Importer(815301076,1909f56bfc062723c751e8b465ee728b)
Start importing Assets/Script/Shop/Shop.cs using Guid(645de24c33b959f4eb92bd404272deb4) Importer(815301076,1909f56bfc062723c751e8b465ee728b)  -> (artifact id: '60beba686f740a44865a5586152d80f9') in 0.014423 seconds
  Import took 0.023550 seconds .

========================================================================
Received Prepare
Registering precompiled user dll's ...
Registered in 0.006285 seconds.
Begin MonoManager ReloadAssembly
Native extension for WindowsStandalone target not found
Refreshing native plugins compatible for Editor in 1.96 ms, found 1 plugins.
Preloading 0 native plugins for Editor in 0.00 ms.
Mono: successfully reloaded assembly
- Completed reload, in  3.063 seconds
Platform modules already initialized, skipping
Refreshing native plugins compatible for Editor in 1.98 ms, found 1 plugins.
Preloading 0 native plugins for Editor in 0.00 ms.
Unloading 2276 Unused Serialized files (Serialized files now loaded: 0)
System memory in use before: 181.5 MB.
System memory in use after: 181.5 MB.

Unloading 41 unused Assets to reduce memory usage. Loaded Objects now: 2733.
Total: 17.554400 ms (FindLiveObjects: 0.799300 ms CreateObjectMapping: 0.187400 ms MarkObjects: 16.178200 ms  DeleteObjects: 0.384700 ms)

========================================================================
Received Import Request.
  Time since last request: 147.911936 seconds.
  path: Assets/Script/Shop/Profile.cs
  artifactKey: Guid(ff81c65855dd9cc4094ec8c96ba3fb36) Importer(815301076,1909f56bfc062723c751e8b465ee728b)
Start importing Assets/Script/Shop/Profile.cs using Guid(ff81c65855dd9cc4094ec8c96ba3fb36) Importer(815301076,1909f56bfc062723c751e8b465ee728b)  -> (artifact id: '6c7f6054ef0115b2822b3e79690aa720') in 0.189426 seconds
  Import took 0.216183 seconds .

========================================================================
Received Prepare
Registering precompiled user dll's ...
Registered in 0.005478 seconds.
Begin MonoManager ReloadAssembly
Native extension for WindowsStandalone target not found
Refreshing native plugins compatible for Editor in 1.95 ms, found 1 plugins.
Preloading 0 native plugins for Editor in 0.00 ms.
Mono: successfully reloaded assembly
- Completed reload, in  3.215 seconds
Platform modules already initialized, skipping
Refreshing native plugins compatible for Editor in 2.00 ms, found 1 plugins.
Preloading 0 native plugins for Editor in 0.00 ms.
Unloading 2277 Unused Serialized files (Serialized files now loaded: 0)
System memory in use before: 181.5 MB.
System memory in use after: 181.6 MB.

Unloading 41 unused Assets to reduce memory usage. Loaded Objects now: 2738.
Total: 18.304900 ms (FindLiveObjects: 0.848900 ms CreateObjectMapping: 0.215000 ms MarkObjects: 16.821600 ms  DeleteObjects: 0.415000 ms)

========================================================================
Received Prepare
Registering precompiled user dll's ...
Registered in 0.005482 seconds.
Begin MonoManager ReloadAssembly
Native extension for WindowsStandalone target not found
Refreshing native plugins compatible for Editor in 2.29 ms, found 1 plugins.
Preloading 0 native plugins for Editor in 0.00 ms.
Mono: successfully reloaded assembly
- Completed reload, in  3.424 seconds
Platform modules already initialized, skipping
Refreshing native plugins compatible for Editor in 2.05 ms, found 1 plugins.
Preloading 0 native plugins for Editor in 0.00 ms.
Unloading 2277 Unused Serialized files (Serialized files now loaded: 0)
System memory in use before: 181.5 MB.
System memory in use after: 181.6 MB.

Unloading 41 unused Assets to reduce memory usage. Loaded Objects now: 2742.
Total: 20.592200 ms (FindLiveObjects: 0.862700 ms CreateObjectMapping: 0.241300 ms MarkObjects: 19.104900 ms  DeleteObjects: 0.377300 ms)

========================================================================
Received Prepare
Registering precompiled user dll's ...
Registered in 0.005469 seconds.
Begin MonoManager ReloadAssembly
Native extension for WindowsStandalone target not found
Refreshing native plugins compatible for Editor in 1.96 ms, found 1 plugins.
Preloading 0 native plugins for Editor in 0.00 ms.
Mono: successfully reloaded assembly
- Completed reload, in  3.461 seconds
Platform modules already initialized, skipping
Refreshing native plugins compatible for Editor in 2.06 ms, found 1 plugins.
Preloading 0 native plugins for Editor in 0.00 ms.
Unloading 2277 Unused Serialized files (Serialized files now loaded: 0)
System memory in use before: 181.5 MB.
System memory in use after: 181.6 MB.

Unloading 41 unused Assets to reduce memory usage. Loaded Objects now: 2746.
Total: 17.363400 ms (FindLiveObjects: 0.902900 ms CreateObjectMapping: 0.216700 ms MarkObjects: 15.839100 ms  DeleteObjects: 0.399800 ms)

========================================================================
Received Prepare
Registering precompiled user dll's ...
Registered in 0.008805 seconds.
Begin MonoManager ReloadAssembly
Native extension for WindowsStandalone target not found
Refreshing native plugins compatible for Editor in 2.13 ms, found 1 plugins.
Preloading 0 native plugins for Editor in 0.00 ms.
Mono: successfully reloaded assembly
- Completed reload, in  3.469 seconds
Platform modules already initialized, skipping
Refreshing native plugins compatible for Editor in 1.99 ms, found 1 plugins.
Preloading 0 native plugins for Editor in 0.00 ms.
Unloading 2277 Unused Serialized files (Serialized files now loaded: 0)
System memory in use before: 181.5 MB.
System memory in use after: 181.6 MB.

Unloading 41 unused Assets to reduce memory usage. Loaded Objects now: 2750.
Total: 21.124400 ms (FindLiveObjects: 1.542000 ms CreateObjectMapping: 0.501300 ms MarkObjects: 18.643300 ms  DeleteObjects: 0.433800 ms)

========================================================================
Received Prepare
Registering precompiled user dll's ...
Registered in 0.007321 seconds.
Begin MonoManager ReloadAssembly
Native extension for WindowsStandalone target not found
Refreshing native plugins compatible for Editor in 2.13 ms, found 1 plugins.
Preloading 0 native plugins for Editor in 0.00 ms.
Mono: successfully reloaded assembly
- Completed reload, in  3.489 seconds
Platform modules already initialized, skipping
Refreshing native plugins compatible for Editor in 2.40 ms, found 1 plugins.
Preloading 0 native plugins for Editor in 0.00 ms.
Unloading 2277 Unused Serialized files (Serialized files now loaded: 0)
System memory in use before: 181.5 MB.
System memory in use after: 181.6 MB.

Unloading 41 unused Assets to reduce memory usage. Loaded Objects now: 2754.
Total: 17.872000 ms (FindLiveObjects: 0.865400 ms CreateObjectMapping: 0.198900 ms MarkObjects: 16.380900 ms  DeleteObjects: 0.422100 ms)

========================================================================
Received Prepare
Registering precompiled user dll's ...
Registered in 0.011331 seconds.
Begin MonoManager ReloadAssembly
Native extension for WindowsStandalone target not found
Refreshing native plugins compatible for Editor in 4.12 ms, found 1 plugins.
Preloading 0 native plugins for Editor in 0.00 ms.
Mono: successfully reloaded assembly
- Completed reload, in  3.612 seconds
Platform modules already initialized, skipping
Refreshing native plugins compatible for Editor in 2.22 ms, found 1 plugins.
Preloading 0 native plugins for Editor in 0.00 ms.
Unloading 2277 Unused Serialized files (Serialized files now loaded: 0)
System memory in use before: 181.5 MB.
System memory in use after: 181.6 MB.

Unloading 41 unused Assets to reduce memory usage. Loaded Objects now: 2758.
Total: 19.474700 ms (FindLiveObjects: 0.899300 ms CreateObjectMapping: 0.217400 ms MarkObjects: 17.935400 ms  DeleteObjects: 0.416400 ms)

========================================================================
Received Prepare
Registering precompiled user dll's ...
Registered in 0.005983 seconds.
Begin MonoManager ReloadAssembly
Native extension for WindowsStandalone target not found
Refreshing native plugins compatible for Editor in 2.23 ms, found 1 plugins.
Preloading 0 native plugins for Editor in 0.00 ms.
Mono: successfully reloaded assembly
- Completed reload, in  3.442 seconds
Platform modules already initialized, skipping
Refreshing native plugins compatible for Editor in 2.01 ms, found 1 plugins.
Preloading 0 native plugins for Editor in 0.00 ms.
Unloading 2277 Unused Serialized files (Serialized files now loaded: 0)
System memory in use before: 181.5 MB.
System memory in use after: 181.6 MB.

Unloading 41 unused Assets to reduce memory usage. Loaded Objects now: 2762.
Total: 19.023800 ms (FindLiveObjects: 1.057700 ms CreateObjectMapping: 0.217400 ms MarkObjects: 17.327000 ms  DeleteObjects: 0.417300 ms)

========================================================================
Received Import Request.
  Time since last request: 3826.713093 seconds.
  path: Assets/Prefab/Shop
  artifactKey: Guid(9aae9eed4d2eb5a42a7e0ee73a647ca5) Importer(815301076,1909f56bfc062723c751e8b465ee728b)
Start importing Assets/Prefab/Shop using Guid(9aae9eed4d2eb5a42a7e0ee73a647ca5) Importer(815301076,1909f56bfc062723c751e8b465ee728b)  -> (artifact id: 'bde457fa059982d1e37316c56f26ae9b') in 0.026894 seconds
  Import took 0.040004 seconds .

========================================================================
Received Import Request.
  Time since last request: 15.105265 seconds.
  path: Assets/Prefab/Shop/ShopItem.prefab
  artifactKey: Guid(351f27cfcefc9324faa6b772a5ca684b) Importer(815301076,1909f56bfc062723c751e8b465ee728b)
Start importing Assets/Prefab/Shop/ShopItem.prefab using Guid(351f27cfcefc9324faa6b772a5ca684b) Importer(815301076,1909f56bfc062723c751e8b465ee728b)  -> (artifact id: '4133a6a0bea3bdad23ffbe907e5a23bc') in 0.188411 seconds
  Import took 0.200246 seconds .

========================================================================
Received Import Request.
  Time since last request: 0.008339 seconds.
  path: Assets/Prefab/Shop/ShopItem.prefab
  artifactKey: Guid(351f27cfcefc9324faa6b772a5ca684b) Importer(815301076,1909f56bfc062723c751e8b465ee728b)
Start importing Assets/Prefab/Shop/ShopItem.prefab using Guid(351f27cfcefc9324faa6b772a5ca684b) Importer(815301076,1909f56bfc062723c751e8b465ee728b)  -> (artifact id: '4133a6a0bea3bdad23ffbe907e5a23bc') in 0.022491 seconds
  Import took 0.036943 seconds .

========================================================================
Received Import Request.
  Time since last request: 19.234291 seconds.
  path: Assets/Prefab/Shop/Avatar.prefab
  artifactKey: Guid(42120eb0fa5c2424a8fe18bc09df15c6) Importer(815301076,1909f56bfc062723c751e8b465ee728b)
Start importing Assets/Prefab/Shop/Avatar.prefab using Guid(42120eb0fa5c2424a8fe18bc09df15c6) Importer(815301076,1909f56bfc062723c751e8b465ee728b)  -> (artifact id: 'ff586a8b5467817bbe50b79dba2ebaa3') in 0.071863 seconds
  Import took 0.084732 seconds .

========================================================================
Received Import Request.
  Time since last request: 0.005537 seconds.
  path: Assets/Prefab/Shop/Avatar.prefab
  artifactKey: Guid(42120eb0fa5c2424a8fe18bc09df15c6) Importer(815301076,1909f56bfc062723c751e8b465ee728b)
Start importing Assets/Prefab/Shop/Avatar.prefab using Guid(42120eb0fa5c2424a8fe18bc09df15c6) Importer(815301076,1909f56bfc062723c751e8b465ee728b)  -> (artifact id: 'ff586a8b5467817bbe50b79dba2ebaa3') in 0.023307 seconds
  Import took 0.034596 seconds .

========================================================================
Received Import Request.
  Time since last request: 30.291623 seconds.
  path: Assets/Prefab/Shop/ShopItemUITemplate.prefab
  artifactKey: Guid(351f27cfcefc9324faa6b772a5ca684b) Importer(815301076,1909f56bfc062723c751e8b465ee728b)
Start importing Assets/Prefab/Shop/ShopItemUITemplate.prefab using Guid(351f27cfcefc9324faa6b772a5ca684b) Importer(815301076,1909f56bfc062723c751e8b465ee728b)  -> (artifact id: '94bc6353bddaab6dd1d1ab51accacebc') in 0.063165 seconds
  Import took 0.076903 seconds .

========================================================================
Received Import Request.
  Time since last request: 12.264761 seconds.
  path: Assets/Prefab/Shop/AvatarUITemplate.prefab
  artifactKey: Guid(42120eb0fa5c2424a8fe18bc09df15c6) Importer(815301076,1909f56bfc062723c751e8b465ee728b)
Start importing Assets/Prefab/Shop/AvatarUITemplate.prefab using Guid(42120eb0fa5c2424a8fe18bc09df15c6) Importer(815301076,1909f56bfc062723c751e8b465ee728b)  -> (artifact id: '99049613cb308bffda41874b39002329') in 0.044337 seconds
  Import took 0.057534 seconds .

========================================================================
Received Import Request.
  Time since last request: 25.126289 seconds.
  path: Assets/Prefab/Shop/AvatarItemUITemplate.prefab
  artifactKey: Guid(42120eb0fa5c2424a8fe18bc09df15c6) Importer(815301076,1909f56bfc062723c751e8b465ee728b)
Start importing Assets/Prefab/Shop/AvatarItemUITemplate.prefab using Guid(42120eb0fa5c2424a8fe18bc09df15c6) Importer(815301076,1909f56bfc062723c751e8b465ee728b)  -> (artifact id: 'a6719f9a21a7bab0fef407330d556648') in 0.046937 seconds
  Import took 0.061401 seconds .

========================================================================
Received Prepare
Registering precompiled user dll's ...
Registered in 0.007466 seconds.
Begin MonoManager ReloadAssembly
Native extension for WindowsStandalone target not found
Refreshing native plugins compatible for Editor in 2.06 ms, found 1 plugins.
Preloading 0 native plugins for Editor in 0.00 ms.
Mono: successfully reloaded assembly
- Completed reload, in  3.302 seconds
Platform modules already initialized, skipping
Refreshing native plugins compatible for Editor in 2.08 ms, found 1 plugins.
Preloading 0 native plugins for Editor in 0.00 ms.
Unloading 2277 Unused Serialized files (Serialized files now loaded: 0)
System memory in use before: 181.6 MB.
System memory in use after: 181.6 MB.

Unloading 41 unused Assets to reduce memory usage. Loaded Objects now: 2766.
Total: 20.434700 ms (FindLiveObjects: 0.857500 ms CreateObjectMapping: 0.398000 ms MarkObjects: 18.387200 ms  DeleteObjects: 0.787200 ms)

========================================================================
Received Prepare
Registering precompiled user dll's ...
Registered in 0.005877 seconds.
Begin MonoManager ReloadAssembly
Native extension for WindowsStandalone target not found
Refreshing native plugins compatible for Editor in 2.10 ms, found 1 plugins.
Preloading 0 native plugins for Editor in 0.00 ms.
Mono: successfully reloaded assembly
- Completed reload, in  3.869 seconds
Platform modules already initialized, skipping
Refreshing native plugins compatible for Editor in 2.12 ms, found 1 plugins.
Preloading 0 native plugins for Editor in 0.00 ms.
Unloading 2277 Unused Serialized files (Serialized files now loaded: 0)
System memory in use before: 181.6 MB.
System memory in use after: 181.6 MB.

Unloading 41 unused Assets to reduce memory usage. Loaded Objects now: 2770.
Total: 19.417900 ms (FindLiveObjects: 1.376200 ms CreateObjectMapping: 0.212900 ms MarkObjects: 17.415200 ms  DeleteObjects: 0.408500 ms)

========================================================================
Received Prepare
Registering precompiled user dll's ...
Registered in 0.006900 seconds.
Begin MonoManager ReloadAssembly
Native extension for WindowsStandalone target not found
Refreshing native plugins compatible for Editor in 2.08 ms, found 1 plugins.
Preloading 0 native plugins for Editor in 0.00 ms.
Mono: successfully reloaded assembly
- Completed reload, in  3.799 seconds
Platform modules already initialized, skipping
Refreshing native plugins compatible for Editor in 2.32 ms, found 1 plugins.
Preloading 0 native plugins for Editor in 0.00 ms.
Unloading 2277 Unused Serialized files (Serialized files now loaded: 0)
System memory in use before: 181.4 MB.
System memory in use after: 181.4 MB.

Unloading 41 unused Assets to reduce memory usage. Loaded Objects now: 2774.
Total: 23.657000 ms (FindLiveObjects: 1.208200 ms CreateObjectMapping: 0.634600 ms MarkObjects: 21.325600 ms  DeleteObjects: 0.483400 ms)

========================================================================
Received Prepare
Registering precompiled user dll's ...
Registered in 0.007623 seconds.
Begin MonoManager ReloadAssembly
Native extension for WindowsStandalone target not found
Refreshing native plugins compatible for Editor in 2.08 ms, found 1 plugins.
Preloading 0 native plugins for Editor in 0.00 ms.
Mono: successfully reloaded assembly
- Completed reload, in  3.691 seconds
Platform modules already initialized, skipping
Refreshing native plugins compatible for Editor in 2.10 ms, found 1 plugins.
Preloading 0 native plugins for Editor in 0.00 ms.
Unloading 2277 Unused Serialized files (Serialized files now loaded: 0)
System memory in use before: 181.4 MB.
System memory in use after: 181.4 MB.

Unloading 41 unused Assets to reduce memory usage. Loaded Objects now: 2778.
Total: 20.089800 ms (FindLiveObjects: 1.155300 ms CreateObjectMapping: 0.381200 ms MarkObjects: 18.106200 ms  DeleteObjects: 0.441200 ms)

========================================================================
Received Import Request.
  Time since last request: 2022.181461 seconds.
  path: Assets/Prefab/Shop/AvatarItemUITemplate.prefab
  artifactKey: Guid(42120eb0fa5c2424a8fe18bc09df15c6) Importer(815301076,1909f56bfc062723c751e8b465ee728b)
Start importing Assets/Prefab/Shop/AvatarItemUITemplate.prefab using Guid(42120eb0fa5c2424a8fe18bc09df15c6) Importer(815301076,1909f56bfc062723c751e8b465ee728b)  -> (artifact id: 'b9dcadd731fe05f050f7339e48b5e46b') in 0.188061 seconds
  Import took 0.205328 seconds .

========================================================================
Received Prepare
Registering precompiled user dll's ...
Registered in 0.011530 seconds.
Begin MonoManager ReloadAssembly
Native extension for WindowsStandalone target not found
Refreshing native plugins compatible for Editor in 2.19 ms, found 1 plugins.
Preloading 0 native plugins for Editor in 0.00 ms.
Mono: successfully reloaded assembly
- Completed reload, in  3.897 seconds
Platform modules already initialized, skipping
Refreshing native plugins compatible for Editor in 2.27 ms, found 1 plugins.
Preloading 0 native plugins for Editor in 0.00 ms.
Unloading 2277 Unused Serialized files (Serialized files now loaded: 0)
System memory in use before: 181.4 MB.
System memory in use after: 181.5 MB.

Unloading 41 unused Assets to reduce memory usage. Loaded Objects now: 2782.
Total: 22.838300 ms (FindLiveObjects: 0.964900 ms CreateObjectMapping: 0.307000 ms MarkObjects: 21.079600 ms  DeleteObjects: 0.481900 ms)

========================================================================
Received Prepare
Registering precompiled user dll's ...
Registered in 0.005789 seconds.
Begin MonoManager ReloadAssembly
Native extension for WindowsStandalone target not found
Refreshing native plugins compatible for Editor in 2.08 ms, found 1 plugins.
Preloading 0 native plugins for Editor in 0.00 ms.
Mono: successfully reloaded assembly
- Completed reload, in  3.645 seconds
Platform modules already initialized, skipping
Refreshing native plugins compatible for Editor in 2.51 ms, found 1 plugins.
Preloading 0 native plugins for Editor in 0.00 ms.
Unloading 2277 Unused Serialized files (Serialized files now loaded: 0)
System memory in use before: 181.4 MB.
System memory in use after: 181.5 MB.

Unloading 41 unused Assets to reduce memory usage. Loaded Objects now: 2786.
Total: 26.482400 ms (FindLiveObjects: 3.159900 ms CreateObjectMapping: 0.609600 ms MarkObjects: 22.191200 ms  DeleteObjects: 0.500300 ms)

========================================================================
Received Prepare
Registering precompiled user dll's ...
Registered in 0.008562 seconds.
Begin MonoManager ReloadAssembly
Native extension for WindowsStandalone target not found
Refreshing native plugins compatible for Editor in 2.47 ms, found 1 plugins.
Preloading 0 native plugins for Editor in 0.00 ms.
Mono: successfully reloaded assembly
- Completed reload, in  3.831 seconds
Platform modules already initialized, skipping
Refreshing native plugins compatible for Editor in 2.50 ms, found 1 plugins.
Preloading 0 native plugins for Editor in 0.00 ms.
Unloading 2277 Unused Serialized files (Serialized files now loaded: 0)
System memory in use before: 181.4 MB.
System memory in use after: 181.5 MB.

Unloading 41 unused Assets to reduce memory usage. Loaded Objects now: 2790.
Total: 63.123300 ms (FindLiveObjects: 1.587700 ms CreateObjectMapping: 0.411100 ms MarkObjects: 60.585900 ms  DeleteObjects: 0.531900 ms)

========================================================================
Received Prepare
Registering precompiled user dll's ...
Registered in 0.009395 seconds.
Begin MonoManager ReloadAssembly
Native extension for WindowsStandalone target not found
Refreshing native plugins compatible for Editor in 2.25 ms, found 1 plugins.
Preloading 0 native plugins for Editor in 0.00 ms.
Mono: successfully reloaded assembly
- Completed reload, in  3.797 seconds
Platform modules already initialized, skipping
Refreshing native plugins compatible for Editor in 2.82 ms, found 1 plugins.
Preloading 0 native plugins for Editor in 0.00 ms.
Unloading 2277 Unused Serialized files (Serialized files now loaded: 0)
System memory in use before: 181.4 MB.
System memory in use after: 181.5 MB.

Unloading 41 unused Assets to reduce memory usage. Loaded Objects now: 2794.
Total: 22.955200 ms (FindLiveObjects: 0.988200 ms CreateObjectMapping: 0.244000 ms MarkObjects: 21.190700 ms  DeleteObjects: 0.526300 ms)

========================================================================
Received Prepare
Registering precompiled user dll's ...
Registered in 0.006689 seconds.
Begin MonoManager ReloadAssembly
Native extension for WindowsStandalone target not found
Refreshing native plugins compatible for Editor in 2.28 ms, found 1 plugins.
Preloading 0 native plugins for Editor in 0.00 ms.
Mono: successfully reloaded assembly
- Completed reload, in  3.905 seconds
Platform modules already initialized, skipping
Refreshing native plugins compatible for Editor in 2.08 ms, found 1 plugins.
Preloading 0 native plugins for Editor in 0.00 ms.
Unloading 2277 Unused Serialized files (Serialized files now loaded: 0)
System memory in use before: 181.4 MB.
System memory in use after: 181.5 MB.

Unloading 41 unused Assets to reduce memory usage. Loaded Objects now: 2798.
Total: 19.395200 ms (FindLiveObjects: 0.896000 ms CreateObjectMapping: 0.222400 ms MarkObjects: 17.820800 ms  DeleteObjects: 0.451400 ms)

========================================================================
Received Import Request.
  Time since last request: 4318.489006 seconds.
  path: Assets/Script/Shop/Shop.cs
  artifactKey: Guid(645de24c33b959f4eb92bd404272deb4) Importer(815301076,1909f56bfc062723c751e8b465ee728b)
Start importing Assets/Script/Shop/Shop.cs using Guid(645de24c33b959f4eb92bd404272deb4) Importer(815301076,1909f56bfc062723c751e8b465ee728b)  -> (artifact id: 'ffe35d05682dd224291c80415960579e') in 0.032858 seconds
  Import took 0.046370 seconds .

========================================================================
Received Prepare
Registering precompiled user dll's ...
Registered in 0.005754 seconds.
Begin MonoManager ReloadAssembly
Native extension for WindowsStandalone target not found
Refreshing native plugins compatible for Editor in 1.99 ms, found 1 plugins.
Preloading 0 native plugins for Editor in 0.00 ms.
Mono: successfully reloaded assembly
- Completed reload, in  3.452 seconds
Platform modules already initialized, skipping
Refreshing native plugins compatible for Editor in 2.01 ms, found 1 plugins.
Preloading 0 native plugins for Editor in 0.00 ms.
Unloading 2277 Unused Serialized files (Serialized files now loaded: 0)
System memory in use before: 181.4 MB.
System memory in use after: 181.5 MB.

Unloading 41 unused Assets to reduce memory usage. Loaded Objects now: 2802.
Total: 20.753200 ms (FindLiveObjects: 0.887800 ms CreateObjectMapping: 0.212000 ms MarkObjects: 19.216800 ms  DeleteObjects: 0.432800 ms)

========================================================================
Received Import Request.
  Time since last request: 442.415709 seconds.
  path: Assets/Script/Shop/Shop.cs
  artifactKey: Guid(645de24c33b959f4eb92bd404272deb4) Importer(815301076,1909f56bfc062723c751e8b465ee728b)
Start importing Assets/Script/Shop/Shop.cs using Guid(645de24c33b959f4eb92bd404272deb4) Importer(815301076,1909f56bfc062723c751e8b465ee728b)  -> (artifact id: 'a637f86b490305fe6abdb50a38a97696') in 0.016384 seconds
  Import took 0.027195 seconds .

========================================================================
Received Prepare
Registering precompiled user dll's ...
Registered in 0.007201 seconds.
Begin MonoManager ReloadAssembly
Native extension for WindowsStandalone target not found
Refreshing native plugins compatible for Editor in 2.12 ms, found 1 plugins.
Preloading 0 native plugins for Editor in 0.00 ms.
Mono: successfully reloaded assembly
- Completed reload, in  3.497 seconds
Platform modules already initialized, skipping
Refreshing native plugins compatible for Editor in 2.14 ms, found 1 plugins.
Preloading 0 native plugins for Editor in 0.00 ms.
Unloading 2277 Unused Serialized files (Serialized files now loaded: 0)
System memory in use before: 181.4 MB.
System memory in use after: 181.5 MB.

Unloading 41 unused Assets to reduce memory usage. Loaded Objects now: 2806.
Total: 19.210500 ms (FindLiveObjects: 1.275400 ms CreateObjectMapping: 0.317600 ms MarkObjects: 17.181000 ms  DeleteObjects: 0.431600 ms)

========================================================================
Received Prepare
Registering precompiled user dll's ...
Registered in 0.006574 seconds.
Begin MonoManager ReloadAssembly
Native extension for WindowsStandalone target not found
Refreshing native plugins compatible for Editor in 2.36 ms, found 1 plugins.
Preloading 0 native plugins for Editor in 0.00 ms.
Mono: successfully reloaded assembly
- Completed reload, in  3.580 seconds
Platform modules already initialized, skipping
Refreshing native plugins compatible for Editor in 2.04 ms, found 1 plugins.
Preloading 0 native plugins for Editor in 0.00 ms.
Unloading 2277 Unused Serialized files (Serialized files now loaded: 0)
System memory in use before: 181.4 MB.
System memory in use after: 181.5 MB.

Unloading 41 unused Assets to reduce memory usage. Loaded Objects now: 2810.
Total: 22.478900 ms (FindLiveObjects: 2.476200 ms CreateObjectMapping: 0.966500 ms MarkObjects: 18.600800 ms  DeleteObjects: 0.426500 ms)

========================================================================
Received Prepare
Registering precompiled user dll's ...
Registered in 0.005648 seconds.
Begin MonoManager ReloadAssembly
Native extension for WindowsStandalone target not found
Refreshing native plugins compatible for Editor in 1.94 ms, found 1 plugins.
Preloading 0 native plugins for Editor in 0.00 ms.
Mono: successfully reloaded assembly
- Completed reload, in  3.543 seconds
Platform modules already initialized, skipping
Refreshing native plugins compatible for Editor in 1.99 ms, found 1 plugins.
Preloading 0 native plugins for Editor in 0.00 ms.
Unloading 2277 Unused Serialized files (Serialized files now loaded: 0)
System memory in use before: 181.4 MB.
System memory in use after: 181.5 MB.

Unloading 41 unused Assets to reduce memory usage. Loaded Objects now: 2814.
Total: 19.349700 ms (FindLiveObjects: 0.856500 ms CreateObjectMapping: 0.191900 ms MarkObjects: 17.856500 ms  DeleteObjects: 0.440100 ms)

========================================================================
Received Prepare
Registering precompiled user dll's ...
Registered in 0.006112 seconds.
Begin MonoManager ReloadAssembly
Native extension for WindowsStandalone target not found
Refreshing native plugins compatible for Editor in 2.07 ms, found 1 plugins.
Preloading 0 native plugins for Editor in 0.00 ms.
Mono: successfully reloaded assembly
- Completed reload, in  3.330 seconds
Platform modules already initialized, skipping
Refreshing native plugins compatible for Editor in 2.15 ms, found 1 plugins.
Preloading 0 native plugins for Editor in 0.00 ms.
Unloading 2277 Unused Serialized files (Serialized files now loaded: 0)
System memory in use before: 181.5 MB.
System memory in use after: 181.5 MB.

Unloading 41 unused Assets to reduce memory usage. Loaded Objects now: 2818.
Total: 21.813300 ms (FindLiveObjects: 1.199400 ms CreateObjectMapping: 0.512400 ms MarkObjects: 19.545100 ms  DeleteObjects: 0.550600 ms)

